\BOOKMARK [1][-]{section*.5}{Introduction}{}% 1
\BOOKMARK [1][-]{section*.6}{Research motivation and Direction }{}% 2
\BOOKMARK [1][-]{section*.7}{new Direction}{}% 3
\BOOKMARK [2][-]{section*.8}{Title and Authors}{section*.7}% 4
\BOOKMARK [2][-]{section*.9}{Abstract and Keywords}{section*.7}% 5
\BOOKMARK [2][-]{section*.10}{Normal or Body Text}{section*.7}% 6
\BOOKMARK [2][-]{section*.11}{First Page Copyright Notice}{section*.7}% 7
\BOOKMARK [2][-]{section*.12}{Subsequent Pages}{section*.7}% 8
\BOOKMARK [2][-]{section*.13}{References and Citations}{section*.7}% 9
\BOOKMARK [1][-]{section*.14}{Sections}{}% 10
\BOOKMARK [1][-]{section*.15}{Latest Issue}{}% 11
\BOOKMARK [2][-]{section*.16}{Subsections}{section*.15}% 12
\BOOKMARK [2][-]{section*.17}{ACM}{section*.15}% 13
\BOOKMARK [3][-]{section*.18}{Sub-subsections}{section*.17}% 14
\BOOKMARK [1][-]{section*.19}{Figures/Captions}{}% 15
\BOOKMARK [1][-]{section*.20}{Language, Style and Content}{}% 16
\BOOKMARK [1][-]{section*.21}{Conclusion}{}% 17
\BOOKMARK [1][-]{section*.22}{Page Numbering, Headers and Footers}{}% 18
\BOOKMARK [1][-]{section*.23}{Producing and Testing PDF Files}{}% 19
\BOOKMARK [1][-]{section*.24}{Blind Review}{}% 20
\BOOKMARK [1][-]{section*.25}{Conclusion}{}% 21
\BOOKMARK [1][-]{section*.26}{Acknowledgments}{}% 22
\BOOKMARK [1][-]{section*.27}{REFERENCES }{}% 23
